
______________________________________________________________________________________________________________
Three Address Code:
______________________________________________________________________________________________________________

0: swapTwoNumbers: 
1:     t0 = *a
2:     temp = t0
3:     t1 = *a
4:     t2 = *b
5:     *a = t2
6:     t3 = *b
7:     *b = temp
8:     return 

9: division: 
10:     t0 = a / b
11:     t1 = float2int(t0)
12:     quotient = t1
13:     return quotient

14: main: 
15:     t0 = 0
16:     q = t0
17:     t1 = 0
18:     r = t1
19:     t2 = 2.5
20:     x = t2
21:     param x
22:     t3 = 1.2
23:     param t3
24:     t4 = call division, 2
25:     q = t4
26:     t6 = 10
27:     r = t6
28:     t8 = &q
29:     param t8
30:     t9 = &r
31:     param t9
32:     t10 = call swapTwoNumbers, 2
33:     return 
______________________________________________________________________________________________________________
______________________________________________________________________________________________________________
Table Name: Global                                      Parent Name: NULL
______________________________________________________________________________________________________________
Name                     Type                Initial Value       Size           Offset         Nested
                                                                                                    
swapTwoNumbers           void                -                   0              0              swapTwoNumbers
division                 int                 -                   4              0              division
main                     int                 -                   4              4              main
--------------------------------------------------------------------------------------------------------------

______________________________________________________________________________________________________________
Table Name: swapTwoNumbers                              Parent Name: Global
______________________________________________________________________________________________________________
Name                     Type                Initial Value       Size           Offset         Nested
                                                                                                    
a                        ptr(int)            -                   4              0              NULL
b                        ptr(int)            -                   4              4              NULL
temp                     int                 -                   4              8              NULL
t0                       int                                     4              12             NULL
t1                       int                                     4              16             NULL
t2                       int                                     4              20             NULL
t3                       int                                     4              24             NULL
--------------------------------------------------------------------------------------------------------------

______________________________________________________________________________________________________________
Table Name: division                                    Parent Name: Global
______________________________________________________________________________________________________________
Name                     Type                Initial Value       Size           Offset         Nested
                                                                                                    
a                        float               -                   8              0              NULL
b                        float               -                   8              8              NULL
return                   int                 -                   4              16             NULL
quotient                 int                 -                   4              20             NULL
t0                       float                                   8              24             NULL
t1                       int                                     4              32             NULL
--------------------------------------------------------------------------------------------------------------

______________________________________________________________________________________________________________
Table Name: main                                        Parent Name: Global
______________________________________________________________________________________________________________
Name                     Type                Initial Value       Size           Offset         Nested
                                                                                                    
return                   int                 -                   4              0              NULL
q                        int                 0                   4              4              NULL
t0                       int                 0                   4              8              NULL
r                        int                 0                   4              12             NULL
t1                       int                 0                   4              16             NULL
x                        float               2.5                 8              20             NULL
t2                       float               2.5                 8              28             NULL
t3                       float               1.2                 8              36             NULL
t4                       int                                     4              44             NULL
t5                       int                                     4              48             NULL
t6                       int                 10                  4              52             NULL
t7                       int                                     4              56             NULL
t8                       ptr(int)                                4              60             NULL
t9                       ptr(int)                                4              64             NULL
t10                      void                                    0              68             NULL
--------------------------------------------------------------------------------------------------------------

