
______________________________________________________________________________________________________________
Three Address Code:
______________________________________________________________________________________________________________

0: euclidGCD: 
1:     t0 = 0
2:     if a == t0 goto 5
3:     goto 7
4:     goto 7
5:     return b
6:     goto 7
7:     t1 = b % a
8:     param t1
9:     param a
10:     t2 = call euclidGCD, 2
11:     return t2

12: main: 
13:     t0 = 2
14:     flag = t0
15:     t1 = 0
16:     if flag == t1 goto 19
17:     goto 25
18:     goto 37

19: main.$0: 
20:     t0 = 100
21:     a = t0
22:     t2 = 25
23:     b = t2
24:     goto 37

25: main.$1: 
26:     t0 = 20
27:     a = t0
28:     t2 = 1
29:     if flag == t2 goto 32
30:     goto 35
31:     goto 37
32:     t3 = 5
33:     b = t3
34:     goto 37
35:     t5 = 4
36:     b = t5
37:     param a
38:     param b
39:     t2 = call euclidGCD, 2
40:     g = t2
41:     t4 = 0
42:     return t4
______________________________________________________________________________________________________________
______________________________________________________________________________________________________________
Table Name: Global                  Parent Name: NULL
______________________________________________________________________________________________________________
Name                     Type                Initial Value       Size           Offset         Nested
                                                                                                    
euclidGCD                int                 -                   4              0              euclidGCD
main                     int                 -                   4              4              main
--------------------------------------------------------------------------------------------------------------

______________________________________________________________________________________________________________
Table Name: euclidGCD               Parent Name: Global
______________________________________________________________________________________________________________
Name                     Type                Initial Value       Size           Offset         Nested
                                                                                                    
a                        int                 -                   4              0              NULL
b                        int                 -                   4              4              NULL
return                   int                 -                   4              8              NULL
t0                       int                 0                   4              12             NULL
t1                       int                                     4              16             NULL
t2                       int                                     4              20             NULL
--------------------------------------------------------------------------------------------------------------

______________________________________________________________________________________________________________
Table Name: main                    Parent Name: Global
______________________________________________________________________________________________________________
Name                     Type                Initial Value       Size           Offset         Nested
                                                                                                    
return                   int                 -                   4              0              NULL
a                        int                 -                   4              4              NULL
b                        int                 -                   4              8              NULL
g                        int                 -                   4              12             NULL
flag                     int                 2                   4              16             NULL
t0                       int                 2                   4              20             NULL
t1                       int                 0                   4              24             NULL
main.$0                  block               -                   4              28             main.$0
main.$1                  block               -                   4              32             main.$1
t2                       int                                     4              36             NULL
t3                       int                                     4              40             NULL
t4                       int                 0                   4              44             NULL
--------------------------------------------------------------------------------------------------------------

______________________________________________________________________________________________________________
Table Name: main.$0                 Parent Name: main
______________________________________________________________________________________________________________
Name                     Type                Initial Value       Size           Offset         Nested
                                                                                                    
t0                       int                 100                 4              0              NULL
t1                       int                                     4              4              NULL
t2                       int                 25                  4              8              NULL
t3                       int                                     4              12             NULL
--------------------------------------------------------------------------------------------------------------

______________________________________________________________________________________________________________
Table Name: main.$1                 Parent Name: main
______________________________________________________________________________________________________________
Name                     Type                Initial Value       Size           Offset         Nested
                                                                                                    
t0                       int                 20                  4              0              NULL
t1                       int                                     4              4              NULL
t2                       int                 1                   4              8              NULL
t3                       int                 5                   4              12             NULL
t4                       int                                     4              16             NULL
t5                       int                 4                   4              20             NULL
t6                       int                                     4              24             NULL
--------------------------------------------------------------------------------------------------------------

