
______________________________________________________________________________________________________________
Three Address Code:
______________________________________________________________________________________________________________
0:     t0 = 2.3
1:     d = t0
2:     t1 = 10
3:     t2 = 2
4:     t3 = 2
5:     t4 = 4
6:     a = t4

7: main: 
8:     t0 = 120
9:     x = t0
10:     t1 = 17
11:     y = t1
12:     t2 = 'c'
13:     ch = t2
14:     t3 = 'a'
15:     d = t3
16:     t4 = x + y
17:     i = t4
18:     t6 = x - y
19:     j = t6
20:     t8 = x * y
21:     k = t8
22:     t10 = x / y
23:     l = t10
24:     t12 = x % y
25:     m = t12
26:     t14 = x & y
27:     n = t14
28:     t16 = x | y
29:     o = t16
30:     t18 = 2
31:     t19 = i << t18
32:     y = t19
33:     t21 = 1
34:     t22 = i >> t21
35:     x = t22
36:     t24 = 0
37:     return t24
______________________________________________________________________________________________________________
______________________________________________________________________________________________________________
Table Name: Global                                      Parent Name: NULL
______________________________________________________________________________________________________________
Name                     Type                Initial Value       Size           Offset         Nested
                                                                                                    
d                        char                'a'                 1              0              NULL
t0                       float               2.3                 8              1              NULL
s                        int                 -                   4              9              NULL
w                        arr(10,int)         -                   40             13             NULL
t1                       int                 10                  4              53             NULL
z                        arr(2,arr(2,float)) -                   32             57             NULL
t2                       int                 2                   4              89             NULL
t3                       int                 2                   4              93             NULL
a                        int                 4                   4              97             NULL
t4                       int                 4                   4              101            NULL
p                        ptr(int)            -                   4              105            NULL
b                        int                 -                   4              109            NULL
quotient                 void                -                   0              113            quotient
c                        char                -                   1              113            NULL
main                     void                -                   0              114            main
--------------------------------------------------------------------------------------------------------------

______________________________________________________________________________________________________________
Table Name: quotient                                    Parent Name: Global
______________________________________________________________________________________________________________
Name                     Type                Initial Value       Size           Offset         Nested
                                                                                                    
i                        int                 -                   4              0              NULL
d                        float               -                   8              4              NULL
--------------------------------------------------------------------------------------------------------------

______________________________________________________________________________________________________________
Table Name: main                                        Parent Name: Global
______________________________________________________________________________________________________________
Name                     Type                Initial Value       Size           Offset         Nested
                                                                                                    
x                        int                 120                 4              0              NULL
t0                       int                 120                 4              4              NULL
y                        int                 17                  4              8              NULL
t1                       int                 17                  4              12             NULL
i                        int                 -                   4              16             NULL
j                        int                 -                   4              20             NULL
k                        int                 -                   4              24             NULL
l                        int                 -                   4              28             NULL
m                        int                 -                   4              32             NULL
n                        int                 -                   4              36             NULL
o                        int                 -                   4              40             NULL
ch                       char                'c'                 1              44             NULL
t2                       char                'c'                 1              45             NULL
t3                       char                'a'                 1              46             NULL
t4                       int                                     4              47             NULL
t5                       int                                     4              51             NULL
t6                       int                                     4              55             NULL
t7                       int                                     4              59             NULL
t8                       int                                     4              63             NULL
t9                       int                                     4              67             NULL
t10                      int                                     4              71             NULL
t11                      int                                     4              75             NULL
t12                      int                                     4              79             NULL
t13                      int                                     4              83             NULL
t14                      int                                     4              87             NULL
t15                      int                                     4              91             NULL
t16                      int                                     4              95             NULL
t17                      int                                     4              99             NULL
t18                      int                 2                   4              103            NULL
t19                      int                                     4              107            NULL
t20                      int                                     4              111            NULL
t21                      int                 1                   4              115            NULL
t22                      int                                     4              119            NULL
t23                      int                                     4              123            NULL
t24                      int                 0                   4              127            NULL
--------------------------------------------------------------------------------------------------------------

