
______________________________________________________________________________________________________________
Three Address Code:
______________________________________________________________________________________________________________
0:     t0 = 0
1:     x = t0

2: main: 
3:     t0 = 0
4:     sum = t0
5:     t1 = 'a'
6:     a = t1
7:     t2 = 5
8:     t3 = 5
9:     t4 = 5
10:     t5 = 5
11:     n = t5
12:     t7 = 100
13:     j = t7
14:     t9 = 0
15:     i = t9

16: main.WHILE$0: 
17:     t0 = 5
18:     if i < t0 goto 20
19:     goto 27
20:     t1 = i
21:     i = i + 1
22:     j = j + 1
23:     t2 = i * 4
24:     t3 = i * j
25:     p[t2] = t3
26:     goto 17

27: main.DO_WHILE$1: 
28:     t0 = i * 4
29:     t1 = p[t0]
30:     t2 = sum + t1
31:     sum = t2
32:     if i < n goto 27
33:     goto 34

34: main.FOR$2: 
35:     t0 = 0
36:     i = t0
37:     if i < n goto 42
38:     goto 58
39:     t2 = i
40:     i = i + 1
41:     goto 37

42: main.FOR$2.FOR$3: 
43:     t0 = 0
44:     j = t0
45:     if j < n goto 50
46:     goto 39
47:     t2 = j
48:     j = j + 1
49:     goto 45
50:     t3 = i * 20
51:     t5 = j * 4
52:     t4 = t3 + t5
53:     t6 = i * j
54:     t7 = sum + t6
55:     dp[t4] = t7
56:     goto 47
57:     goto 39
58:     t11 = 0
59:     return t11
______________________________________________________________________________________________________________
______________________________________________________________________________________________________________
Table Name: Global                                      Parent Name: NULL
______________________________________________________________________________________________________________
Name                     Type                Initial Value       Size           Offset         Nested
                                                                                                    
x                        int                 0                   4              0              NULL
t0                       int                 0                   4              4              NULL
main                     int                 -                   4              8              main
--------------------------------------------------------------------------------------------------------------

______________________________________________________________________________________________________________
Table Name: main                                        Parent Name: Global
______________________________________________________________________________________________________________
Name                     Type                Initial Value       Size           Offset         Nested
                                                                                                    
return                   int                 -                   4              0              NULL
i                        int                 -                   4              4              NULL
j                        int                 -                   4              8              NULL
n                        int                 -                   4              12             NULL
sum                      int                 0                   4              16             NULL
t0                       int                 0                   4              20             NULL
a                        char                'a'                 1              24             NULL
t1                       char                'a'                 1              25             NULL
p                        arr(5,int)          -                   20             26             NULL
t2                       int                 5                   4              46             NULL
dp                       arr(5,arr(5,int))   -                   100            50             NULL
t3                       int                 5                   4              150            NULL
t4                       int                 5                   4              154            NULL
t5                       int                 5                   4              158            NULL
t6                       int                                     4              162            NULL
t7                       int                 100                 4              166            NULL
t8                       int                                     4              170            NULL
t9                       int                 0                   4              174            NULL
t10                      int                                     4              178            NULL
main.WHILE$0             block               -                   4              182            main.WHILE$0
main.DO_WHILE$1          block               -                   4              186            main.DO_WHILE$1
main.FOR$2               block               -                   4              190            main.FOR$2
t11                      int                 0                   4              194            NULL
--------------------------------------------------------------------------------------------------------------

______________________________________________________________________________________________________________
Table Name: main.WHILE$0                                Parent Name: main
______________________________________________________________________________________________________________
Name                     Type                Initial Value       Size           Offset         Nested
                                                                                                    
t0                       int                 5                   4              0              NULL
t1                       int                                     4              4              NULL
t2                       int                                     4              8              NULL
t3                       int                                     4              12             NULL
t4                       int                                     4              16             NULL
--------------------------------------------------------------------------------------------------------------

______________________________________________________________________________________________________________
Table Name: main.DO_WHILE$1                             Parent Name: main
______________________________________________________________________________________________________________
Name                     Type                Initial Value       Size           Offset         Nested
                                                                                                    
t0                       int                                     4              0              NULL
t1                       int                                     4              4              NULL
t2                       int                                     4              8              NULL
t3                       int                                     4              12             NULL
--------------------------------------------------------------------------------------------------------------

______________________________________________________________________________________________________________
Table Name: main.FOR$2                                  Parent Name: main
______________________________________________________________________________________________________________
Name                     Type                Initial Value       Size           Offset         Nested
                                                                                                    
t0                       int                 0                   4              0              NULL
t1                       int                                     4              4              NULL
t2                       int                                     4              8              NULL
main.FOR$2.FOR$3         block               -                   4              12             main.FOR$2.FOR$3
--------------------------------------------------------------------------------------------------------------

______________________________________________________________________________________________________________
Table Name: main.FOR$2.FOR$3                            Parent Name: main.FOR$2
______________________________________________________________________________________________________________
Name                     Type                Initial Value       Size           Offset         Nested
                                                                                                    
t0                       int                 0                   4              0              NULL
t1                       int                                     4              4              NULL
t2                       int                                     4              8              NULL
t3                       int                                     4              12             NULL
t4                       int                                     4              16             NULL
t5                       int                                     4              20             NULL
t6                       int                                     4              24             NULL
t7                       int                                     4              28             NULL
t8                       int                                     4              32             NULL
--------------------------------------------------------------------------------------------------------------

