
______________________________________________________________________________________________________________
Three Address Code:
______________________________________________________________________________________________________________

0: max: 
1:     if a > b goto 4
2:     goto 5
3:     goto 9
4:     goto 7
5:     t0 = b
6:     goto 9
7:     t0 = a
8:     goto 9
9:     ans = t0
10:     return ans
11:     t0 = 100

12: func: 
13:     t1 = 100
14:     t2 = 0
15:     t3 = t2 * 4
16:     t4 = 0
17:     val[t3] = t4
18:     t6 = 10000
19:     max_val = t6

20: func.FOR$0: 
21:     t0 = 1
22:     i = t0
23:     if i <= n goto 28
24:     goto 52
25:     t2 = i
26:     i = i + 1
27:     goto 23

28: func.FOR$0.FOR$1: 
29:     t0 = 0
30:     j = t0
31:     if j < i goto 36
32:     goto 49
33:     t2 = j
34:     j = j + 1
35:     goto 31
36:     param max_val
37:     t3 = j * 4
38:     t4 = price[t3]
39:     t5 = i - j
40:     t6 = 1
41:     t7 = t5 - t6
42:     t8 = t7 * 4
43:     t9 = val[t8]
44:     t10 = t4 + t9
45:     param t10
46:     t11 = call max, 2
47:     max_val = t11
48:     goto 33
49:     t3 = i * 4
50:     val[t3] = max_val
51:     goto 25
52:     t7 = n * 4
53:     t8 = val[t7]
54:     return t8

55: main: 
56:     t0 = 'a'
57:     c = t0
58:     t1 = 'x'
59:     b = t1
60:     t2 = 100
61:     t3 = 100
62:     n = t3

63: main.FOR$0: 
64:     t0 = 0
65:     i = t0
66:     if i < n goto 71
67:     goto 74
68:     t2 = i
69:     i = i + 1
70:     goto 66
71:     t3 = i * 4
72:     arr[t3] = i
73:     goto 68
74:     t4 = 0
75:     ans = t4
76:     param arr
77:     param size
78:     t5 = call func, 2
79:     ans = t5
80:     t7 = 0
81:     return t7
______________________________________________________________________________________________________________
______________________________________________________________________________________________________________
Table Name: Global                  Parent Name: NULL
______________________________________________________________________________________________________________
Name                     Type                Initial Value       Size           Offset         Nested
                                                                                                    
max                      int                 -                   4              0              max
func                     int                 -                   4              4              func
main                     int                 -                   4              8              main
--------------------------------------------------------------------------------------------------------------

______________________________________________________________________________________________________________
Table Name: max                     Parent Name: Global
______________________________________________________________________________________________________________
Name                     Type                Initial Value       Size           Offset         Nested
                                                                                                    
a                        int                 -                   4              0              NULL
b                        int                 -                   4              4              NULL
return                   int                 -                   4              8              NULL
ans                      int                 -                   4              12             NULL
t0                       int                                     4              16             NULL
--------------------------------------------------------------------------------------------------------------

______________________________________________________________________________________________________________
Table Name: func                    Parent Name: Global
______________________________________________________________________________________________________________
Name                     Type                Initial Value       Size           Offset         Nested
                                                                                                    
price                    arr(100,int)        -                   400            0              NULL
t0                       int                 100                 4              400            NULL
n                        int                 -                   4              404            NULL
return                   int                 -                   4              408            NULL
val                      arr(100,int)        -                   400            412            NULL
t1                       int                 100                 4              812            NULL
t2                       int                 0                   4              816            NULL
t3                       int                                     4              820            NULL
t4                       int                 0                   4              824            NULL
t5                       int                                     4              828            NULL
i                        int                 -                   4              832            NULL
j                        int                 -                   4              836            NULL
max_val                  int                 10000               4              840            NULL
t6                       int                 10000               4              844            NULL
func.FOR$0               block               -                   4              848            func.FOR$0
t7                       int                                     4              852            NULL
t8                       int                                     4              856            NULL
--------------------------------------------------------------------------------------------------------------

______________________________________________________________________________________________________________
Table Name: func.FOR$0              Parent Name: func
______________________________________________________________________________________________________________
Name                     Type                Initial Value       Size           Offset         Nested
                                                                                                    
t0                       int                 1                   4              0              NULL
t1                       int                                     4              4              NULL
t2                       int                                     4              8              NULL
func.FOR$0.FOR$1         block               -                   4              12             func.FOR$0.FOR$1
t3                       int                                     4              16             NULL
t4                       int                                     4              20             NULL
--------------------------------------------------------------------------------------------------------------

______________________________________________________________________________________________________________
Table Name: func.FOR$0.FOR$1        Parent Name: func.FOR$0
______________________________________________________________________________________________________________
Name                     Type                Initial Value       Size           Offset         Nested
                                                                                                    
t0                       int                 0                   4              0              NULL
t1                       int                                     4              4              NULL
t2                       int                                     4              8              NULL
t3                       int                                     4              12             NULL
t4                       int                                     4              16             NULL
t5                       int                                     4              20             NULL
t6                       int                 1                   4              24             NULL
t7                       int                                     4              28             NULL
t8                       int                                     4              32             NULL
t9                       int                                     4              36             NULL
t10                      int                                     4              40             NULL
t11                      int                                     4              44             NULL
t12                      int                                     4              48             NULL
--------------------------------------------------------------------------------------------------------------

______________________________________________________________________________________________________________
Table Name: main                    Parent Name: Global
______________________________________________________________________________________________________________
Name                     Type                Initial Value       Size           Offset         Nested
                                                                                                    
return                   int                 -                   4              0              NULL
c                        char                'a'                 1              4              NULL
t0                       char                'a'                 1              5              NULL
b                        char                'x'                 1              6              NULL
t1                       char                'x'                 1              7              NULL
arr                      arr(100,int)        -                   400            8              NULL
t2                       int                 100                 4              408            NULL
i                        int                 -                   4              412            NULL
n                        int                 100                 4              416            NULL
t3                       int                 100                 4              420            NULL
main.FOR$0               block               -                   4              424            main.FOR$0
ans                      int                 0                   4              428            NULL
t4                       int                 0                   4              432            NULL
size                     int                 -                   4              436            NULL
t5                       int                                     4              440            NULL
t6                       int                                     4              444            NULL
t7                       int                 0                   4              448            NULL
--------------------------------------------------------------------------------------------------------------

______________________________________________________________________________________________________________
Table Name: main.FOR$0              Parent Name: main
______________________________________________________________________________________________________________
Name                     Type                Initial Value       Size           Offset         Nested
                                                                                                    
t0                       int                 0                   4              0              NULL
t1                       int                                     4              4              NULL
t2                       int                                     4              8              NULL
t3                       int                                     4              12             NULL
t4                       int                                     4              16             NULL
--------------------------------------------------------------------------------------------------------------

